Keyword: Kitchen Hand | 1 duplicates
  85554444
Keyword: Picker Packer | 5 duplicates
  86028009
  86000852
  85543256
  86169712
  85588412
Keyword: Kitchen Hand | 1 duplicates
  85554444
Keyword: Picker Packer | 5 duplicates
  86028009
  86000852
  85543256
  86169712
  85588412
Keyword: Retail Stocker | 3 duplicates
  86163393
  86166513
  86140268
Keyword: Sales Assistant | 23 duplicates
  85885174
  85842246
  85589302
  85894721
  85545387
  86256383
  85831288
  86062972
  86019856
  85807673
  85545062
  85807673
  85756160
  85545062
  85925903
  86166513
  85821231
  85999532
  86204108
  86144953
  86010645
  86166513
  85930137
Keyword: Kitchen Hand | 1 duplicates
  85554444
Keyword: Picker Packer | 5 duplicates
  86028009
  85939907
  86169712
  85543256
  85588412
Keyword: Kitchen Hand | 1 duplicates
  85554444
Keyword: Picker Packer | 5 duplicates
  86028009
  86000852
  85543256
  85588412
  86169712
Keyword: Retail Stocker | 4 duplicates
  86145875
  86163393
  86166513
  86140268
Keyword: Sales Assistant | 15 duplicates
  85885174
  86114014
  86256383
  86019856
  85807673
  85545062
  85756160
  85807673
  85545062
  86166513
  85999532
  86144953
  86189661
  85930137
  86028348
Keyword: Visual Merchandiser | 1 duplicates
  85930137
Keyword: Warehouse Assistant | 13 duplicates
  86028009
  86169712
  86169712
  86169712
  85588412
  85588412
  85543256
  86081252
  86000852
  86135231
  86016932
  85626736
  85994445
Keyword: cleaner | 6 duplicates
  85668410
  85806328
  85566386
  85913462
  86173831
  86148026
Keyword: cook's assistant | 2 duplicates
  86005785
  85554444
Keyword: customer service casual | 3 duplicates
  86079363
  86019856
  85668410
Keyword: dispatch assistant | 4 duplicates
  86028009
  86135231
  85588412
  86169712
Keyword: food prep assistant | 1 duplicates
  86016932
Keyword: front counter staff | 2 duplicates
  85807673
  85925178
Keyword: fulfillment associate | 1 duplicates
  86129740
Keyword: inventory assistant | 9 duplicates
  86024173
  85626736
  86135231
  86129740
  85982195
  86028009
  85537185
  85588412
  86140268
Keyword: logistics team member | 3 duplicates
  86024173
  86135231
  86129740
Keyword: night fill | 1 duplicates
  86211263
Keyword: parcel sorter | 1 duplicates
  86135231
Keyword: pick packer | 16 duplicates
  86028009
  86081252
  85849281
  85897155
  85934107
  86129740
  85806856
  85955008
  86135231
  86129740
  86135231
  85795131
  85795792
  86251656
  86116203
  85797025
Keyword: retail assistant | 8 duplicates
  85807673
  85545062
  86166513
  85821231
  85563832
  86176963
  85860615
  85842227
Keyword: shelf replenisher | 1 duplicates
  86024173
Keyword: stock controller | 6 duplicates
  86140268
  85626736
  86024173
  86256823
  86169712
  86129740
Keyword: stock replenishment | 3 duplicates
  86024173
  85626736
  86140268
Keyword: store person | 12 duplicates
  85588412
  86169712
  85543256
  86081252
  86135231
  85890543
  86129740
  85994445
  86142343
  85703385
  85821231
  85533335
Keyword: warehouse assistant | 8 duplicates
  86028009
  85588412
  86169712
  85543256
  86081252
  86129740
  86135231
  86129740
Keyword: Kitchen Hand | 1 duplicates
  85554444
Keyword: Picker Packer | 5 duplicates
  86028009
  86000852
  86169712
  85543256
  85588412
Keyword: Retail Stocker | 3 duplicates
  86163393
  86166513
  86140268
Keyword: Sales Assistant | 9 duplicates
  85885174
  86256383
  86019856
  85807673
  85545062
  85821231
  86010645
  85930137
  86028348
Keyword: Visual Merchandiser | 2 duplicates
  85930137
  85930137
Keyword: Warehouse Assistant | 12 duplicates
  86169712
  86169712
  86178716
  85588412
  86129740
  85543256
  86000852
  86000852
  86016932
  86135231
  85626736
  85994445
Keyword: cleaner | 2 duplicates
  85668410
  85806328
Keyword: cook's assistant | 3 duplicates
  86005785
  85554444
  85781034
Keyword: customer service casual | 2 duplicates
  86019856
  85668410
Keyword: dispatch assistant | 4 duplicates
  86028009
  86135231
  85588412
  86169712
Keyword: food prep assistant | 1 duplicates
  86016932
Keyword: front counter staff | 2 duplicates
  85807673
  85925178
Keyword: fulfillment associate | 1 duplicates
  86129740
Keyword: hotel kitchen attendant | 1 duplicates
  85781034
Keyword: inventory assistant | 13 duplicates
  86024173
  86135231
  86129740
  86135231
  86238108
  86220923
  86028009
  85537185
  85585702
  85769383
  85588412
  86140268
  85821592
Keyword: logistics team member | 3 duplicates
  86024173
  86135231
  86129740
Keyword: night fill | 1 duplicates
  86211263
Keyword: parcel sorter | 1 duplicates
  86135231
Keyword: pick packer | 17 duplicates
  86028009
  86028009
  86000852
  86081252
  86169712
  85588412
  85543256
  86282656
  85632079
  86129740
  86024173
  86135231
  85632079
  85529612
  85554384
  85821592
  85589969
Keyword: retail assistant | 11 duplicates
  85807673
  85885174
  85545062
  86256383
  86166513
  85821231
  85542547
  85897377
  86169191
  86148269
  86049452
Keyword: shelf replenisher | 1 duplicates
  86024173
Keyword: stock controller | 8 duplicates
  86140268
  85626736
  86024173
  86256823
  86169712
  86129740
  85588412
  85527263
Keyword: stock replenishment | 3 duplicates
  86024173
  85626736
  86140268
Keyword: store person | 12 duplicates
  85588412
  86169712
  85595015
  86243148
  85543256
  86081252
  86135231
  86180821
  85890543
  86129740
  85994445
  85821231
Keyword: warehouse assistant | 8 duplicates
  86028009
  86169712
  85588412
  85543256
  86000852
  86081252
  86135231
  86129740
